::1 - - [Tue, 24 Jan 2017 12:46:12 GMT] "GET /board/list/ HTTP/1.1" 200 2 "http://localhost:4200/home" "Mozilla/5.0 (Macintosh; Intel Mac OS X 10_11_6) AppleWebKit/537.36 (KHTML, like Gecko) Chrome/55.0.2883.95 Safari/537.36"
::1 - - [Tue, 24 Jan 2017 12:46:32 GMT] "GET /board/list/ HTTP/1.1" 304 - "http://localhost:4200/home" "Mozilla/5.0 (Macintosh; Intel Mac OS X 10_11_6) AppleWebKit/537.36 (KHTML, like Gecko) Chrome/55.0.2883.95 Safari/537.36"
::1 - - [Tue, 24 Jan 2017 12:46:35 GMT] "OPTIONS /board/New%20Board HTTP/1.1" 200 13 "http://localhost:4200/board" "Mozilla/5.0 (Macintosh; Intel Mac OS X 10_11_6) AppleWebKit/537.36 (KHTML, like Gecko) Chrome/55.0.2883.95 Safari/537.36"
::1 - - [Tue, 24 Jan 2017 12:46:35 GMT] "POST /board/New%20Board HTTP/1.1" 200 1038 "http://localhost:4200/board" "Mozilla/5.0 (Macintosh; Intel Mac OS X 10_11_6) AppleWebKit/537.36 (KHTML, like Gecko) Chrome/55.0.2883.95 Safari/537.36"
::1 - - [Tue, 24 Jan 2017 12:46:36 GMT] "GET /board/list/ HTTP/1.1" 200 1040 "http://localhost:4200/home" "Mozilla/5.0 (Macintosh; Intel Mac OS X 10_11_6) AppleWebKit/537.36 (KHTML, like Gecko) Chrome/55.0.2883.95 Safari/537.36"
::1 - - [Tue, 24 Jan 2017 12:46:37 GMT] "GET /board/c432a9fb-783e-4592-901a-d11003087cd6 HTTP/1.1" 200 1038 "http://localhost:4200/board/c432a9fb-783e-4592-901a-d11003087cd6" "Mozilla/5.0 (Macintosh; Intel Mac OS X 10_11_6) AppleWebKit/537.36 (KHTML, like Gecko) Chrome/55.0.2883.95 Safari/537.36"
::1 - - [Tue, 24 Jan 2017 12:46:41 GMT] "GET /board/list/ HTTP/1.1" 304 - "http://localhost:4200/home" "Mozilla/5.0 (Macintosh; Intel Mac OS X 10_11_6) AppleWebKit/537.36 (KHTML, like Gecko) Chrome/55.0.2883.95 Safari/537.36"
::1 - - [Tue, 24 Jan 2017 12:46:43 GMT] "GET /board/c432a9fb-783e-4592-901a-d11003087cd6 HTTP/1.1" 304 - "http://localhost:4200/board/c432a9fb-783e-4592-901a-d11003087cd6" "Mozilla/5.0 (Macintosh; Intel Mac OS X 10_11_6) AppleWebKit/537.36 (KHTML, like Gecko) Chrome/55.0.2883.95 Safari/537.36"
::1 - - [Tue, 24 Jan 2017 12:46:52 GMT] "OPTIONS /item/ HTTP/1.1" 200 4 "http://localhost:4200/board/c432a9fb-783e-4592-901a-d11003087cd6" "Mozilla/5.0 (Macintosh; Intel Mac OS X 10_11_6) AppleWebKit/537.36 (KHTML, like Gecko) Chrome/55.0.2883.95 Safari/537.36"
::1 - - [Tue, 24 Jan 2017 12:46:52 GMT] "POST /item/ HTTP/1.1" 200 217 "http://localhost:4200/board/c432a9fb-783e-4592-901a-d11003087cd6" "Mozilla/5.0 (Macintosh; Intel Mac OS X 10_11_6) AppleWebKit/537.36 (KHTML, like Gecko) Chrome/55.0.2883.95 Safari/537.36"
::1 - - [Tue, 24 Jan 2017 12:46:54 GMT] "OPTIONS /board/New%20Board HTTP/1.1" 200 13 "http://localhost:4200/board" "Mozilla/5.0 (Macintosh; Intel Mac OS X 10_11_6) AppleWebKit/537.36 (KHTML, like Gecko) Chrome/55.0.2883.95 Safari/537.36"
::1 - - [Tue, 24 Jan 2017 12:46:54 GMT] "POST /board/New%20Board HTTP/1.1" 200 1038 "http://localhost:4200/board" "Mozilla/5.0 (Macintosh; Intel Mac OS X 10_11_6) AppleWebKit/537.36 (KHTML, like Gecko) Chrome/55.0.2883.95 Safari/537.36"
::1 - - [Tue, 24 Jan 2017 12:46:55 GMT] "GET /board/list/ HTTP/1.1" 200 2296 "http://localhost:4200/home" "Mozilla/5.0 (Macintosh; Intel Mac OS X 10_11_6) AppleWebKit/537.36 (KHTML, like Gecko) Chrome/55.0.2883.95 Safari/537.36"
::1 - - [Tue, 24 Jan 2017 12:46:57 GMT] "GET /board/c432a9fb-783e-4592-901a-d11003087cd6 HTTP/1.1" 200 1255 "http://localhost:4200/board/c432a9fb-783e-4592-901a-d11003087cd6" "Mozilla/5.0 (Macintosh; Intel Mac OS X 10_11_6) AppleWebKit/537.36 (KHTML, like Gecko) Chrome/55.0.2883.95 Safari/537.36"
::1 - - [Tue, 24 Jan 2017 12:46:58 GMT] "GET /board/list/ HTTP/1.1" 304 - "http://localhost:4200/home" "Mozilla/5.0 (Macintosh; Intel Mac OS X 10_11_6) AppleWebKit/537.36 (KHTML, like Gecko) Chrome/55.0.2883.95 Safari/537.36"
::1 - - [Tue, 24 Jan 2017 12:46:59 GMT] "GET /board/85bbe89c-de14-4882-8579-d440234be10d HTTP/1.1" 200 1038 "http://localhost:4200/board/85bbe89c-de14-4882-8579-d440234be10d" "Mozilla/5.0 (Macintosh; Intel Mac OS X 10_11_6) AppleWebKit/537.36 (KHTML, like Gecko) Chrome/55.0.2883.95 Safari/537.36"
::1 - - [Tue, 24 Jan 2017 12:47:00 GMT] "GET /board/list/ HTTP/1.1" 304 - "http://localhost:4200/home" "Mozilla/5.0 (Macintosh; Intel Mac OS X 10_11_6) AppleWebKit/537.36 (KHTML, like Gecko) Chrome/55.0.2883.95 Safari/537.36"
::1 - - [Tue, 24 Jan 2017 12:47:55 GMT] "GET /board/list/ HTTP/1.1" 304 - "http://localhost:4200/home" "Mozilla/5.0 (Macintosh; Intel Mac OS X 10_11_6) AppleWebKit/537.36 (KHTML, like Gecko) Chrome/55.0.2883.95 Safari/537.36"
::1 - - [Tue, 24 Jan 2017 12:47:56 GMT] "GET /board/c432a9fb-783e-4592-901a-d11003087cd6 HTTP/1.1" 304 - "http://localhost:4200/board/c432a9fb-783e-4592-901a-d11003087cd6" "Mozilla/5.0 (Macintosh; Intel Mac OS X 10_11_6) AppleWebKit/537.36 (KHTML, like Gecko) Chrome/55.0.2883.95 Safari/537.36"
::1 - - [Tue, 24 Jan 2017 12:50:04 GMT] "GET /board/c432a9fb-783e-4592-901a-d11003087cd6 HTTP/1.1" 304 - "http://localhost:4200/board/c432a9fb-783e-4592-901a-d11003087cd6" "Mozilla/5.0 (Macintosh; Intel Mac OS X 10_11_6) AppleWebKit/537.36 (KHTML, like Gecko) Chrome/55.0.2883.95 Safari/537.36"
::1 - - [Tue, 24 Jan 2017 12:50:25 GMT] "GET /board/c432a9fb-783e-4592-901a-d11003087cd6 HTTP/1.1" 304 - "http://localhost:4200/board/c432a9fb-783e-4592-901a-d11003087cd6" "Mozilla/5.0 (Macintosh; Intel Mac OS X 10_11_6) AppleWebKit/537.36 (KHTML, like Gecko) Chrome/55.0.2883.95 Safari/537.36"
::1 - - [Tue, 24 Jan 2017 12:51:38 GMT] "GET /board/c432a9fb-783e-4592-901a-d11003087cd6 HTTP/1.1" 304 - "http://localhost:4200/board/c432a9fb-783e-4592-901a-d11003087cd6" "Mozilla/5.0 (Macintosh; Intel Mac OS X 10_11_6) AppleWebKit/537.36 (KHTML, like Gecko) Chrome/55.0.2883.95 Safari/537.36"
::1 - - [Tue, 24 Jan 2017 12:52:07 GMT] "GET /board/c432a9fb-783e-4592-901a-d11003087cd6 HTTP/1.1" 304 - "http://localhost:4200/board/c432a9fb-783e-4592-901a-d11003087cd6" "Mozilla/5.0 (Macintosh; Intel Mac OS X 10_11_6) AppleWebKit/537.36 (KHTML, like Gecko) Chrome/55.0.2883.95 Safari/537.36"
::1 - - [Tue, 24 Jan 2017 12:52:24 GMT] "GET /board/c432a9fb-783e-4592-901a-d11003087cd6 HTTP/1.1" 304 - "http://localhost:4200/board/c432a9fb-783e-4592-901a-d11003087cd6" "Mozilla/5.0 (Macintosh; Intel Mac OS X 10_11_6) AppleWebKit/537.36 (KHTML, like Gecko) Chrome/55.0.2883.95 Safari/537.36"
::1 - - [Tue, 24 Jan 2017 12:53:36 GMT] "GET /board/c432a9fb-783e-4592-901a-d11003087cd6 HTTP/1.1" 304 - "http://localhost:4200/board/c432a9fb-783e-4592-901a-d11003087cd6" "Mozilla/5.0 (Macintosh; Intel Mac OS X 10_11_6) AppleWebKit/537.36 (KHTML, like Gecko) Chrome/55.0.2883.95 Safari/537.36"
::1 - - [Tue, 24 Jan 2017 12:53:55 GMT] "GET /board/c432a9fb-783e-4592-901a-d11003087cd6 HTTP/1.1" 304 - "http://localhost:4200/board/c432a9fb-783e-4592-901a-d11003087cd6" "Mozilla/5.0 (Macintosh; Intel Mac OS X 10_11_6) AppleWebKit/537.36 (KHTML, like Gecko) Chrome/55.0.2883.95 Safari/537.36"
::1 - - [Tue, 24 Jan 2017 12:54:14 GMT] "GET /board/c432a9fb-783e-4592-901a-d11003087cd6 HTTP/1.1" 304 - "http://localhost:4200/board/c432a9fb-783e-4592-901a-d11003087cd6" "Mozilla/5.0 (Macintosh; Intel Mac OS X 10_11_6) AppleWebKit/537.36 (KHTML, like Gecko) Chrome/55.0.2883.95 Safari/537.36"
::1 - - [Tue, 24 Jan 2017 12:55:13 GMT] "GET /board/c432a9fb-783e-4592-901a-d11003087cd6 HTTP/1.1" 304 - "http://localhost:4200/board/c432a9fb-783e-4592-901a-d11003087cd6" "Mozilla/5.0 (Macintosh; Intel Mac OS X 10_11_6) AppleWebKit/537.36 (KHTML, like Gecko) Chrome/55.0.2883.95 Safari/537.36"
::1 - - [Tue, 24 Jan 2017 12:57:32 GMT] "GET /board/c432a9fb-783e-4592-901a-d11003087cd6 HTTP/1.1" 304 - "http://localhost:4200/board/c432a9fb-783e-4592-901a-d11003087cd6" "Mozilla/5.0 (Macintosh; Intel Mac OS X 10_11_6) AppleWebKit/537.36 (KHTML, like Gecko) Chrome/55.0.2883.95 Safari/537.36"
::1 - - [Tue, 24 Jan 2017 12:57:52 GMT] "GET /board/c432a9fb-783e-4592-901a-d11003087cd6 HTTP/1.1" 304 - "http://localhost:4200/board/c432a9fb-783e-4592-901a-d11003087cd6" "Mozilla/5.0 (Macintosh; Intel Mac OS X 10_11_6) AppleWebKit/537.36 (KHTML, like Gecko) Chrome/55.0.2883.95 Safari/537.36"
::1 - - [Tue, 24 Jan 2017 12:58:15 GMT] "GET /board/c432a9fb-783e-4592-901a-d11003087cd6 HTTP/1.1" 304 - "http://localhost:4200/board/c432a9fb-783e-4592-901a-d11003087cd6" "Mozilla/5.0 (Macintosh; Intel Mac OS X 10_11_6) AppleWebKit/537.36 (KHTML, like Gecko) Chrome/55.0.2883.95 Safari/537.36"
::1 - - [Tue, 24 Jan 2017 12:58:25 GMT] "GET /board/c432a9fb-783e-4592-901a-d11003087cd6 HTTP/1.1" 304 - "http://localhost:4200/board/c432a9fb-783e-4592-901a-d11003087cd6" "Mozilla/5.0 (Macintosh; Intel Mac OS X 10_11_6) AppleWebKit/537.36 (KHTML, like Gecko) Chrome/55.0.2883.95 Safari/537.36"
::1 - - [Tue, 24 Jan 2017 13:01:41 GMT] "GET /board/c432a9fb-783e-4592-901a-d11003087cd6 HTTP/1.1" 304 - "http://localhost:4200/board/c432a9fb-783e-4592-901a-d11003087cd6" "Mozilla/5.0 (Macintosh; Intel Mac OS X 10_11_6) AppleWebKit/537.36 (KHTML, like Gecko) Chrome/55.0.2883.95 Safari/537.36"
::1 - - [Tue, 24 Jan 2017 13:02:09 GMT] "GET /board/c432a9fb-783e-4592-901a-d11003087cd6 HTTP/1.1" 304 - "http://localhost:4200/board/c432a9fb-783e-4592-901a-d11003087cd6" "Mozilla/5.0 (Macintosh; Intel Mac OS X 10_11_6) AppleWebKit/537.36 (KHTML, like Gecko) Chrome/55.0.2883.95 Safari/537.36"
::1 - - [Tue, 24 Jan 2017 13:02:34 GMT] "GET /board/c432a9fb-783e-4592-901a-d11003087cd6 HTTP/1.1" 304 - "http://localhost:4200/board/c432a9fb-783e-4592-901a-d11003087cd6" "Mozilla/5.0 (Macintosh; Intel Mac OS X 10_11_6) AppleWebKit/537.36 (KHTML, like Gecko) Chrome/55.0.2883.95 Safari/537.36"
::1 - - [Tue, 24 Jan 2017 13:03:33 GMT] "GET /board/c432a9fb-783e-4592-901a-d11003087cd6 HTTP/1.1" 304 - "http://localhost:4200/board/c432a9fb-783e-4592-901a-d11003087cd6" "Mozilla/5.0 (Macintosh; Intel Mac OS X 10_11_6) AppleWebKit/537.36 (KHTML, like Gecko) Chrome/55.0.2883.95 Safari/537.36"
::1 - - [Tue, 24 Jan 2017 13:03:48 GMT] "GET /board/c432a9fb-783e-4592-901a-d11003087cd6 HTTP/1.1" 304 - "http://localhost:4200/board/c432a9fb-783e-4592-901a-d11003087cd6" "Mozilla/5.0 (Macintosh; Intel Mac OS X 10_11_6) AppleWebKit/537.36 (KHTML, like Gecko) Chrome/55.0.2883.95 Safari/537.36"
::1 - - [Tue, 24 Jan 2017 13:04:01 GMT] "GET /board/c432a9fb-783e-4592-901a-d11003087cd6 HTTP/1.1" 304 - "http://localhost:4200/board/c432a9fb-783e-4592-901a-d11003087cd6" "Mozilla/5.0 (Macintosh; Intel Mac OS X 10_11_6) AppleWebKit/537.36 (KHTML, like Gecko) Chrome/55.0.2883.95 Safari/537.36"
::1 - - [Tue, 24 Jan 2017 13:04:08 GMT] "GET /board/c432a9fb-783e-4592-901a-d11003087cd6 HTTP/1.1" 304 - "http://localhost:4200/board/c432a9fb-783e-4592-901a-d11003087cd6" "Mozilla/5.0 (Macintosh; Intel Mac OS X 10_11_6) AppleWebKit/537.36 (KHTML, like Gecko) Chrome/55.0.2883.95 Safari/537.36"
::1 - - [Tue, 24 Jan 2017 13:04:37 GMT] "GET /board/c432a9fb-783e-4592-901a-d11003087cd6 HTTP/1.1" 304 - "http://localhost:4200/board/c432a9fb-783e-4592-901a-d11003087cd6" "Mozilla/5.0 (Macintosh; Intel Mac OS X 10_11_6) AppleWebKit/537.36 (KHTML, like Gecko) Chrome/55.0.2883.95 Safari/537.36"
::1 - - [Tue, 24 Jan 2017 13:05:07 GMT] "GET /board/c432a9fb-783e-4592-901a-d11003087cd6 HTTP/1.1" 304 - "http://localhost:4200/board/c432a9fb-783e-4592-901a-d11003087cd6" "Mozilla/5.0 (Macintosh; Intel Mac OS X 10_11_6) AppleWebKit/537.36 (KHTML, like Gecko) Chrome/55.0.2883.95 Safari/537.36"
::1 - - [Tue, 24 Jan 2017 13:07:34 GMT] "GET /board/c432a9fb-783e-4592-901a-d11003087cd6 HTTP/1.1" 304 - "http://localhost:4200/board/c432a9fb-783e-4592-901a-d11003087cd6" "Mozilla/5.0 (Macintosh; Intel Mac OS X 10_11_6) AppleWebKit/537.36 (KHTML, like Gecko) Chrome/55.0.2883.95 Safari/537.36"
::1 - - [Tue, 24 Jan 2017 13:08:11 GMT] "GET /board/c432a9fb-783e-4592-901a-d11003087cd6 HTTP/1.1" 304 - "http://localhost:4200/board/c432a9fb-783e-4592-901a-d11003087cd6" "Mozilla/5.0 (Macintosh; Intel Mac OS X 10_11_6) AppleWebKit/537.36 (KHTML, like Gecko) Chrome/55.0.2883.95 Safari/537.36"
::1 - - [Tue, 24 Jan 2017 13:08:11 GMT] "GET /board/c432a9fb-783e-4592-901a-d11003087cd6 HTTP/1.1" 304 - "http://localhost:4200/" "Mozilla/5.0 (Macintosh; Intel Mac OS X 10_11_6) AppleWebKit/537.36 (KHTML, like Gecko) Chrome/55.0.2883.95 Safari/537.36"
::1 - - [Tue, 24 Jan 2017 13:08:34 GMT] "GET /board/list/ HTTP/1.1" 304 - "http://localhost:4200/home" "Mozilla/5.0 (Macintosh; Intel Mac OS X 10_11_6) AppleWebKit/537.36 (KHTML, like Gecko) Chrome/55.0.2883.95 Safari/537.36"
::1 - - [Tue, 24 Jan 2017 13:08:36 GMT] "GET /board/c432a9fb-783e-4592-901a-d11003087cd6 HTTP/1.1" 304 - "http://localhost:4200/board/c432a9fb-783e-4592-901a-d11003087cd6" "Mozilla/5.0 (Macintosh; Intel Mac OS X 10_11_6) AppleWebKit/537.36 (KHTML, like Gecko) Chrome/55.0.2883.95 Safari/537.36"
::1 - - [Tue, 24 Jan 2017 13:09:25 GMT] "GET /board/c432a9fb-783e-4592-901a-d11003087cd6 HTTP/1.1" 304 - "http://localhost:4200/board/c432a9fb-783e-4592-901a-d11003087cd6" "Mozilla/5.0 (Macintosh; Intel Mac OS X 10_11_6) AppleWebKit/537.36 (KHTML, like Gecko) Chrome/55.0.2883.95 Safari/537.36"
::1 - - [Tue, 24 Jan 2017 13:09:40 GMT] "GET /board/c432a9fb-783e-4592-901a-d11003087cd6 HTTP/1.1" 304 - "http://localhost:4200/board/c432a9fb-783e-4592-901a-d11003087cd6" "Mozilla/5.0 (Macintosh; Intel Mac OS X 10_11_6) AppleWebKit/537.36 (KHTML, like Gecko) Chrome/55.0.2883.95 Safari/537.36"
::1 - - [Tue, 24 Jan 2017 13:11:56 GMT] "GET /board/c432a9fb-783e-4592-901a-d11003087cd6 HTTP/1.1" 304 - "http://localhost:4200/board/c432a9fb-783e-4592-901a-d11003087cd6" "Mozilla/5.0 (Macintosh; Intel Mac OS X 10_11_6) AppleWebKit/537.36 (KHTML, like Gecko) Chrome/55.0.2883.95 Safari/537.36"
::1 - - [Tue, 24 Jan 2017 13:14:51 GMT] "GET /board/c432a9fb-783e-4592-901a-d11003087cd6 HTTP/1.1" 304 - "http://localhost:4200/board/c432a9fb-783e-4592-901a-d11003087cd6" "Mozilla/5.0 (Macintosh; Intel Mac OS X 10_11_6) AppleWebKit/537.36 (KHTML, like Gecko) Chrome/55.0.2883.95 Safari/537.36"
::1 - - [Tue, 24 Jan 2017 13:15:34 GMT] "GET /board/c432a9fb-783e-4592-901a-d11003087cd6 HTTP/1.1" 304 - "http://localhost:4200/board/c432a9fb-783e-4592-901a-d11003087cd6" "Mozilla/5.0 (Macintosh; Intel Mac OS X 10_11_6) AppleWebKit/537.36 (KHTML, like Gecko) Chrome/55.0.2883.95 Safari/537.36"
::1 - - [Tue, 24 Jan 2017 13:18:08 GMT] "GET /board/c432a9fb-783e-4592-901a-d11003087cd6 HTTP/1.1" 304 - "http://localhost:4200/board/c432a9fb-783e-4592-901a-d11003087cd6" "Mozilla/5.0 (Macintosh; Intel Mac OS X 10_11_6) AppleWebKit/537.36 (KHTML, like Gecko) Chrome/55.0.2883.95 Safari/537.36"
::1 - - [Tue, 24 Jan 2017 13:21:59 GMT] "GET /board/c432a9fb-783e-4592-901a-d11003087cd6 HTTP/1.1" 304 - "http://localhost:4200/board/c432a9fb-783e-4592-901a-d11003087cd6" "Mozilla/5.0 (Macintosh; Intel Mac OS X 10_11_6) AppleWebKit/537.36 (KHTML, like Gecko) Chrome/55.0.2883.95 Safari/537.36"
::1 - - [Tue, 24 Jan 2017 13:31:14 GMT] "GET /board/c432a9fb-783e-4592-901a-d11003087cd6 HTTP/1.1" 304 - "http://localhost:4200/board/c432a9fb-783e-4592-901a-d11003087cd6" "Mozilla/5.0 (Macintosh; Intel Mac OS X 10_11_6) AppleWebKit/537.36 (KHTML, like Gecko) Chrome/55.0.2883.95 Safari/537.36"
::1 - - [Tue, 24 Jan 2017 13:32:42 GMT] "GET /board/list/ HTTP/1.1" 200 2 "http://localhost:4200/home" "Mozilla/5.0 (Macintosh; Intel Mac OS X 10_11_6) AppleWebKit/537.36 (KHTML, like Gecko) Chrome/55.0.2883.95 Safari/537.36"
::1 - - [Tue, 24 Jan 2017 13:32:44 GMT] "OPTIONS /board/New%20Board HTTP/1.1" 200 19 "http://localhost:4200/board" "Mozilla/5.0 (Macintosh; Intel Mac OS X 10_11_6) AppleWebKit/537.36 (KHTML, like Gecko) Chrome/55.0.2883.95 Safari/537.36"
::1 - - [Tue, 24 Jan 2017 13:32:44 GMT] "POST /board/New%20Board HTTP/1.1" 200 1038 "http://localhost:4200/board" "Mozilla/5.0 (Macintosh; Intel Mac OS X 10_11_6) AppleWebKit/537.36 (KHTML, like Gecko) Chrome/55.0.2883.95 Safari/537.36"
::1 - - [Tue, 24 Jan 2017 13:32:46 GMT] "GET /board/list/ HTTP/1.1" 200 1040 "http://localhost:4200/home" "Mozilla/5.0 (Macintosh; Intel Mac OS X 10_11_6) AppleWebKit/537.36 (KHTML, like Gecko) Chrome/55.0.2883.95 Safari/537.36"
::1 - - [Tue, 24 Jan 2017 13:32:46 GMT] "GET /board/874d2ece-8b5d-454e-8496-2259cd51a5fd HTTP/1.1" 200 1038 "http://localhost:4200/board/874d2ece-8b5d-454e-8496-2259cd51a5fd" "Mozilla/5.0 (Macintosh; Intel Mac OS X 10_11_6) AppleWebKit/537.36 (KHTML, like Gecko) Chrome/55.0.2883.95 Safari/537.36"
::1 - - [Tue, 24 Jan 2017 13:32:52 GMT] "OPTIONS /board/874d2ece-8b5d-454e-8496-2259cd51a5fd HTTP/1.1" 200 19 "http://localhost:4200/board/874d2ece-8b5d-454e-8496-2259cd51a5fd" "Mozilla/5.0 (Macintosh; Intel Mac OS X 10_11_6) AppleWebKit/537.36 (KHTML, like Gecko) Chrome/55.0.2883.95 Safari/537.36"
::1 - - [Tue, 24 Jan 2017 13:32:52 GMT] "PATCH /board/874d2ece-8b5d-454e-8496-2259cd51a5fd HTTP/1.1" 500 2004 "http://localhost:4200/board/874d2ece-8b5d-454e-8496-2259cd51a5fd" "Mozilla/5.0 (Macintosh; Intel Mac OS X 10_11_6) AppleWebKit/537.36 (KHTML, like Gecko) Chrome/55.0.2883.95 Safari/537.36"
::1 - - [Tue, 24 Jan 2017 13:33:50 GMT] "OPTIONS /board/New%20Board HTTP/1.1" 200 19 "http://localhost:4200/board" "Mozilla/5.0 (Macintosh; Intel Mac OS X 10_11_6) AppleWebKit/537.36 (KHTML, like Gecko) Chrome/55.0.2883.95 Safari/537.36"
::1 - - [Tue, 24 Jan 2017 13:33:50 GMT] "POST /board/New%20Board HTTP/1.1" 200 1038 "http://localhost:4200/board" "Mozilla/5.0 (Macintosh; Intel Mac OS X 10_11_6) AppleWebKit/537.36 (KHTML, like Gecko) Chrome/55.0.2883.95 Safari/537.36"
::1 - - [Tue, 24 Jan 2017 13:33:57 GMT] "OPTIONS /board/60876abf-6f25-4151-977f-71ed8dd7bf79 HTTP/1.1" 200 19 "http://localhost:4200/board" "Mozilla/5.0 (Macintosh; Intel Mac OS X 10_11_6) AppleWebKit/537.36 (KHTML, like Gecko) Chrome/55.0.2883.95 Safari/537.36"
::1 - - [Tue, 24 Jan 2017 13:33:57 GMT] "PATCH /board/60876abf-6f25-4151-977f-71ed8dd7bf79 HTTP/1.1" 500 2004 "http://localhost:4200/board" "Mozilla/5.0 (Macintosh; Intel Mac OS X 10_11_6) AppleWebKit/537.36 (KHTML, like Gecko) Chrome/55.0.2883.95 Safari/537.36"
::1 - - [Tue, 24 Jan 2017 13:34:34 GMT] "OPTIONS /board/New%20Board HTTP/1.1" 200 19 "http://localhost:4200/board" "Mozilla/5.0 (Macintosh; Intel Mac OS X 10_11_6) AppleWebKit/537.36 (KHTML, like Gecko) Chrome/55.0.2883.95 Safari/537.36"
::1 - - [Tue, 24 Jan 2017 13:34:34 GMT] "POST /board/New%20Board HTTP/1.1" 200 1038 "http://localhost:4200/board" "Mozilla/5.0 (Macintosh; Intel Mac OS X 10_11_6) AppleWebKit/537.36 (KHTML, like Gecko) Chrome/55.0.2883.95 Safari/537.36"
::1 - - [Tue, 24 Jan 2017 13:34:37 GMT] "OPTIONS /board/2bbfed10-77a4-4a3a-96d6-e6bea6de56bf HTTP/1.1" 200 19 "http://localhost:4200/board" "Mozilla/5.0 (Macintosh; Intel Mac OS X 10_11_6) AppleWebKit/537.36 (KHTML, like Gecko) Chrome/55.0.2883.95 Safari/537.36"
::1 - - [Tue, 24 Jan 2017 13:34:37 GMT] "PATCH /board/2bbfed10-77a4-4a3a-96d6-e6bea6de56bf HTTP/1.1" 500 2004 "http://localhost:4200/board" "Mozilla/5.0 (Macintosh; Intel Mac OS X 10_11_6) AppleWebKit/537.36 (KHTML, like Gecko) Chrome/55.0.2883.95 Safari/537.36"
::1 - - [Tue, 24 Jan 2017 13:36:54 GMT] "OPTIONS /board/New%20Board HTTP/1.1" 200 19 "http://localhost:4200/board" "Mozilla/5.0 (Macintosh; Intel Mac OS X 10_11_6) AppleWebKit/537.36 (KHTML, like Gecko) Chrome/55.0.2883.95 Safari/537.36"
::1 - - [Tue, 24 Jan 2017 13:36:54 GMT] "POST /board/New%20Board HTTP/1.1" 200 1038 "http://localhost:4200/board" "Mozilla/5.0 (Macintosh; Intel Mac OS X 10_11_6) AppleWebKit/537.36 (KHTML, like Gecko) Chrome/55.0.2883.95 Safari/537.36"
::1 - - [Tue, 24 Jan 2017 13:36:57 GMT] "OPTIONS /board/2cc74d24-6b52-4281-9fbf-11ad626b650c HTTP/1.1" 200 19 "http://localhost:4200/board" "Mozilla/5.0 (Macintosh; Intel Mac OS X 10_11_6) AppleWebKit/537.36 (KHTML, like Gecko) Chrome/55.0.2883.95 Safari/537.36"
::1 - - [Tue, 24 Jan 2017 13:36:57 GMT] "PATCH /board/2cc74d24-6b52-4281-9fbf-11ad626b650c HTTP/1.1" 200 22 "http://localhost:4200/board" "Mozilla/5.0 (Macintosh; Intel Mac OS X 10_11_6) AppleWebKit/537.36 (KHTML, like Gecko) Chrome/55.0.2883.95 Safari/537.36"
::1 - - [Tue, 24 Jan 2017 13:37:06 GMT] "GET /board/list/ HTTP/1.1" 200 1042 "http://localhost:4200/home" "Mozilla/5.0 (Macintosh; Intel Mac OS X 10_11_6) AppleWebKit/537.36 (KHTML, like Gecko) Chrome/55.0.2883.95 Safari/537.36"
::1 - - [Tue, 24 Jan 2017 13:37:07 GMT] "GET /board/2cc74d24-6b52-4281-9fbf-11ad626b650c HTTP/1.1" 200 1040 "http://localhost:4200/board/2cc74d24-6b52-4281-9fbf-11ad626b650c" "Mozilla/5.0 (Macintosh; Intel Mac OS X 10_11_6) AppleWebKit/537.36 (KHTML, like Gecko) Chrome/55.0.2883.95 Safari/537.36"
::1 - - [Tue, 24 Jan 2017 13:37:10 GMT] "OPTIONS /board/2cc74d24-6b52-4281-9fbf-11ad626b650c HTTP/1.1" 200 19 "http://localhost:4200/board/2cc74d24-6b52-4281-9fbf-11ad626b650c" "Mozilla/5.0 (Macintosh; Intel Mac OS X 10_11_6) AppleWebKit/537.36 (KHTML, like Gecko) Chrome/55.0.2883.95 Safari/537.36"
::1 - - [Tue, 24 Jan 2017 13:37:10 GMT] "PATCH /board/2cc74d24-6b52-4281-9fbf-11ad626b650c HTTP/1.1" 200 22 "http://localhost:4200/board/2cc74d24-6b52-4281-9fbf-11ad626b650c" "Mozilla/5.0 (Macintosh; Intel Mac OS X 10_11_6) AppleWebKit/537.36 (KHTML, like Gecko) Chrome/55.0.2883.95 Safari/537.36"
::1 - - [Tue, 24 Jan 2017 13:37:16 GMT] "GET /board/list/ HTTP/1.1" 200 1038 "http://localhost:4200/home" "Mozilla/5.0 (Macintosh; Intel Mac OS X 10_11_6) AppleWebKit/537.36 (KHTML, like Gecko) Chrome/55.0.2883.95 Safari/537.36"
::1 - - [Tue, 24 Jan 2017 13:37:17 GMT] "GET /board/2cc74d24-6b52-4281-9fbf-11ad626b650c HTTP/1.1" 200 1036 "http://localhost:4200/board/2cc74d24-6b52-4281-9fbf-11ad626b650c" "Mozilla/5.0 (Macintosh; Intel Mac OS X 10_11_6) AppleWebKit/537.36 (KHTML, like Gecko) Chrome/55.0.2883.95 Safari/537.36"
::1 - - [Tue, 24 Jan 2017 13:37:26 GMT] "OPTIONS /board/2cc74d24-6b52-4281-9fbf-11ad626b650c HTTP/1.1" 200 19 "http://localhost:4200/board/2cc74d24-6b52-4281-9fbf-11ad626b650c" "Mozilla/5.0 (Macintosh; Intel Mac OS X 10_11_6) AppleWebKit/537.36 (KHTML, like Gecko) Chrome/55.0.2883.95 Safari/537.36"
::1 - - [Tue, 24 Jan 2017 13:37:26 GMT] "PATCH /board/2cc74d24-6b52-4281-9fbf-11ad626b650c HTTP/1.1" 200 22 "http://localhost:4200/board/2cc74d24-6b52-4281-9fbf-11ad626b650c" "Mozilla/5.0 (Macintosh; Intel Mac OS X 10_11_6) AppleWebKit/537.36 (KHTML, like Gecko) Chrome/55.0.2883.95 Safari/537.36"
::1 - - [Tue, 24 Jan 2017 13:37:27 GMT] "GET /board/list/ HTTP/1.1" 200 1045 "http://localhost:4200/home" "Mozilla/5.0 (Macintosh; Intel Mac OS X 10_11_6) AppleWebKit/537.36 (KHTML, like Gecko) Chrome/55.0.2883.95 Safari/537.36"
::1 - - [Tue, 24 Jan 2017 13:37:29 GMT] "GET /board/2cc74d24-6b52-4281-9fbf-11ad626b650c HTTP/1.1" 200 1043 "http://localhost:4200/board/2cc74d24-6b52-4281-9fbf-11ad626b650c" "Mozilla/5.0 (Macintosh; Intel Mac OS X 10_11_6) AppleWebKit/537.36 (KHTML, like Gecko) Chrome/55.0.2883.95 Safari/537.36"
::1 - - [Tue, 24 Jan 2017 13:38:49 GMT] "OPTIONS /item/ HTTP/1.1" 200 4 "http://localhost:4200/board/2cc74d24-6b52-4281-9fbf-11ad626b650c" "Mozilla/5.0 (Macintosh; Intel Mac OS X 10_11_6) AppleWebKit/537.36 (KHTML, like Gecko) Chrome/55.0.2883.95 Safari/537.36"
::1 - - [Tue, 24 Jan 2017 13:38:49 GMT] "POST /item/ HTTP/1.1" 200 393 "http://localhost:4200/board/2cc74d24-6b52-4281-9fbf-11ad626b650c" "Mozilla/5.0 (Macintosh; Intel Mac OS X 10_11_6) AppleWebKit/537.36 (KHTML, like Gecko) Chrome/55.0.2883.95 Safari/537.36"
::1 - - [Sat, 04 Feb 2017 04:54:55 GMT] "GET /board/list/ HTTP/1.1" 200 2 "http://localhost:4200/home" "Mozilla/5.0 (Macintosh; Intel Mac OS X 10_11_6) AppleWebKit/537.36 (KHTML, like Gecko) Chrome/55.0.2883.95 Safari/537.36"
::1 - - [Sat, 04 Feb 2017 05:06:52 GMT] "GET /board/list/ HTTP/1.1" 304 - "http://localhost:4200/home" "Mozilla/5.0 (Macintosh; Intel Mac OS X 10_11_6) AppleWebKit/537.36 (KHTML, like Gecko) Chrome/55.0.2883.95 Safari/537.36"
::1 - - [Sat, 04 Feb 2017 05:07:49 GMT] "GET /board/list/ HTTP/1.1" 304 - "http://localhost:4200/home" "Mozilla/5.0 (Macintosh; Intel Mac OS X 10_11_6) AppleWebKit/537.36 (KHTML, like Gecko) Chrome/55.0.2883.95 Safari/537.36"
::1 - - [Sat, 04 Feb 2017 05:08:01 GMT] "GET /board/list/ HTTP/1.1" 304 - "http://localhost:4200/home" "Mozilla/5.0 (Macintosh; Intel Mac OS X 10_11_6) AppleWebKit/537.36 (KHTML, like Gecko) Chrome/55.0.2883.95 Safari/537.36"
::1 - - [Sat, 04 Feb 2017 05:08:05 GMT] "GET /board/list/ HTTP/1.1" 304 - "http://localhost:4200/home" "Mozilla/5.0 (Macintosh; Intel Mac OS X 10_11_6) AppleWebKit/537.36 (KHTML, like Gecko) Chrome/55.0.2883.95 Safari/537.36"
::1 - - [Sat, 04 Feb 2017 05:37:01 GMT] "GET /board/list/ HTTP/1.1" 304 - "http://localhost:4200/home" "Mozilla/5.0 (Macintosh; Intel Mac OS X 10_11_6) AppleWebKit/537.36 (KHTML, like Gecko) Chrome/55.0.2883.95 Safari/537.36"
::1 - - [Sat, 04 Feb 2017 05:37:15 GMT] "GET /board/list/ HTTP/1.1" 304 - "http://localhost:4200/home" "Mozilla/5.0 (Macintosh; Intel Mac OS X 10_11_6) AppleWebKit/537.36 (KHTML, like Gecko) Chrome/55.0.2883.95 Safari/537.36"
::1 - - [Sat, 04 Feb 2017 06:01:38 GMT] "GET /board/list/ HTTP/1.1" 304 - "http://localhost:4200/home" "Mozilla/5.0 (Macintosh; Intel Mac OS X 10_11_6) AppleWebKit/537.36 (KHTML, like Gecko) Chrome/55.0.2883.95 Safari/537.36"
::1 - - [Sat, 04 Feb 2017 06:03:02 GMT] "GET /board/list/ HTTP/1.1" 304 - "http://localhost:4200/home" "Mozilla/5.0 (Macintosh; Intel Mac OS X 10_11_6) AppleWebKit/537.36 (KHTML, like Gecko) Chrome/55.0.2883.95 Safari/537.36"
::1 - - [Sat, 04 Feb 2017 06:04:49 GMT] "GET /board/list/ HTTP/1.1" 304 - "http://localhost:4200/home" "Mozilla/5.0 (Macintosh; Intel Mac OS X 10_11_6) AppleWebKit/537.36 (KHTML, like Gecko) Chrome/55.0.2883.95 Safari/537.36"
::1 - - [Sat, 04 Feb 2017 06:05:57 GMT] "GET /board/list/ HTTP/1.1" 304 - "http://localhost:4200/home" "Mozilla/5.0 (Macintosh; Intel Mac OS X 10_11_6) AppleWebKit/537.36 (KHTML, like Gecko) Chrome/55.0.2883.95 Safari/537.36"
::1 - - [Sat, 04 Feb 2017 06:06:33 GMT] "GET /board/list/ HTTP/1.1" 304 - "http://localhost:4200/home" "Mozilla/5.0 (Macintosh; Intel Mac OS X 10_11_6) AppleWebKit/537.36 (KHTML, like Gecko) Chrome/55.0.2883.95 Safari/537.36"
::1 - - [Sat, 04 Feb 2017 06:07:09 GMT] "GET /board/list/ HTTP/1.1" 304 - "http://localhost:4200/home" "Mozilla/5.0 (Macintosh; Intel Mac OS X 10_11_6) AppleWebKit/537.36 (KHTML, like Gecko) Chrome/55.0.2883.95 Safari/537.36"
::1 - - [Sat, 04 Feb 2017 06:07:45 GMT] "GET /board/list/ HTTP/1.1" 304 - "http://localhost:4200/home" "Mozilla/5.0 (Macintosh; Intel Mac OS X 10_11_6) AppleWebKit/537.36 (KHTML, like Gecko) Chrome/55.0.2883.95 Safari/537.36"
::1 - - [Sat, 04 Feb 2017 06:08:53 GMT] "GET /board/list/ HTTP/1.1" 304 - "http://localhost:4200/home" "Mozilla/5.0 (Macintosh; Intel Mac OS X 10_11_6) AppleWebKit/537.36 (KHTML, like Gecko) Chrome/55.0.2883.95 Safari/537.36"
::1 - - [Sat, 04 Feb 2017 06:09:01 GMT] "GET /board/list/ HTTP/1.1" 304 - "http://localhost:4200/home" "Mozilla/5.0 (Macintosh; Intel Mac OS X 10_11_6) AppleWebKit/537.36 (KHTML, like Gecko) Chrome/55.0.2883.95 Safari/537.36"
::1 - - [Sat, 04 Feb 2017 06:09:32 GMT] "GET /board/list/ HTTP/1.1" 304 - "http://localhost:4200/home" "Mozilla/5.0 (Macintosh; Intel Mac OS X 10_11_6) AppleWebKit/537.36 (KHTML, like Gecko) Chrome/55.0.2883.95 Safari/537.36"
::1 - - [Sat, 04 Feb 2017 06:10:25 GMT] "GET /board/list/ HTTP/1.1" 304 - "http://localhost:4200/home" "Mozilla/5.0 (Macintosh; Intel Mac OS X 10_11_6) AppleWebKit/537.36 (KHTML, like Gecko) Chrome/55.0.2883.95 Safari/537.36"
::1 - - [Sat, 04 Feb 2017 06:16:56 GMT] "GET /board/list/ HTTP/1.1" 304 - "http://localhost:4200/home" "Mozilla/5.0 (Macintosh; Intel Mac OS X 10_11_6) AppleWebKit/537.36 (KHTML, like Gecko) Chrome/55.0.2883.95 Safari/537.36"
::1 - - [Sat, 04 Feb 2017 06:27:18 GMT] "OPTIONS /users/ HTTP/1.1" 404 23 "http://localhost:4200/signup" "Mozilla/5.0 (Macintosh; Intel Mac OS X 10_11_6) AppleWebKit/537.36 (KHTML, like Gecko) Chrome/55.0.2883.95 Safari/537.36"
::1 - - [Sat, 04 Feb 2017 06:27:25 GMT] "OPTIONS /users/ HTTP/1.1" 404 23 "http://localhost:4200/signup" "Mozilla/5.0 (Macintosh; Intel Mac OS X 10_11_6) AppleWebKit/537.36 (KHTML, like Gecko) Chrome/55.0.2883.95 Safari/537.36"
::1 - - [Sat, 04 Feb 2017 06:28:59 GMT] "GET /board/list/ HTTP/1.1" 304 - "http://localhost:4200/home" "Mozilla/5.0 (Macintosh; Intel Mac OS X 10_11_6) AppleWebKit/537.36 (KHTML, like Gecko) Chrome/55.0.2883.95 Safari/537.36"
::1 - - [Sat, 04 Feb 2017 07:28:43 GMT] "GET /board/list/ HTTP/1.1" 304 - "http://localhost:4200/home" "Mozilla/5.0 (Macintosh; Intel Mac OS X 10_11_6) AppleWebKit/537.36 (KHTML, like Gecko) Chrome/55.0.2883.95 Safari/537.36"
::1 - - [Sat, 04 Feb 2017 07:29:26 GMT] "GET /board/list/ HTTP/1.1" 304 - "http://localhost:4200/home" "Mozilla/5.0 (Macintosh; Intel Mac OS X 10_11_6) AppleWebKit/537.36 (KHTML, like Gecko) Chrome/55.0.2883.95 Safari/537.36"
::1 - - [Sat, 04 Feb 2017 07:29:48 GMT] "GET /board/list/ HTTP/1.1" 304 - "http://localhost:4200/home" "Mozilla/5.0 (Macintosh; Intel Mac OS X 10_11_6) AppleWebKit/537.36 (KHTML, like Gecko) Chrome/55.0.2883.95 Safari/537.36"
::1 - - [Sat, 04 Feb 2017 07:30:17 GMT] "OPTIONS /login/ HTTP/1.1" 404 23 "http://localhost:4200/signup" "Mozilla/5.0 (Macintosh; Intel Mac OS X 10_11_6) AppleWebKit/537.36 (KHTML, like Gecko) Chrome/55.0.2883.95 Safari/537.36"
::1 - - [Sat, 04 Feb 2017 07:33:21 GMT] "OPTIONS /login/ HTTP/1.1" 200 4 "http://localhost:4200/login" "Mozilla/5.0 (Macintosh; Intel Mac OS X 10_11_6) AppleWebKit/537.36 (KHTML, like Gecko) Chrome/55.0.2883.95 Safari/537.36"
::1 - - [Sat, 04 Feb 2017 07:33:21 GMT] "POST /login/ HTTP/1.1" 200 70 "http://localhost:4200/login" "Mozilla/5.0 (Macintosh; Intel Mac OS X 10_11_6) AppleWebKit/537.36 (KHTML, like Gecko) Chrome/55.0.2883.95 Safari/537.36"
::1 - - [Sat, 04 Feb 2017 07:33:45 GMT] "OPTIONS /login/ HTTP/1.1" 200 4 "http://localhost:4200/login" "Mozilla/5.0 (Macintosh; Intel Mac OS X 10_11_6) AppleWebKit/537.36 (KHTML, like Gecko) Chrome/55.0.2883.95 Safari/537.36"
::1 - - [Sat, 04 Feb 2017 07:33:45 GMT] "POST /login/ HTTP/1.1" 200 302 "http://localhost:4200/login" "Mozilla/5.0 (Macintosh; Intel Mac OS X 10_11_6) AppleWebKit/537.36 (KHTML, like Gecko) Chrome/55.0.2883.95 Safari/537.36"
::1 - - [Sat, 04 Feb 2017 07:33:45 GMT] "GET /board/list/ HTTP/1.1" 304 - "http://localhost:4200/home" "Mozilla/5.0 (Macintosh; Intel Mac OS X 10_11_6) AppleWebKit/537.36 (KHTML, like Gecko) Chrome/55.0.2883.95 Safari/537.36"
::1 - - [Sat, 04 Feb 2017 07:35:15 GMT] "GET /board/list/ HTTP/1.1" 304 - "http://localhost:4200/home" "Mozilla/5.0 (Macintosh; Intel Mac OS X 10_11_6) AppleWebKit/537.36 (KHTML, like Gecko) Chrome/55.0.2883.95 Safari/537.36"
::1 - - [Sat, 04 Feb 2017 07:39:36 GMT] "OPTIONS /login/ HTTP/1.1" 200 4 "http://localhost:4200/login" "Mozilla/5.0 (Macintosh; Intel Mac OS X 10_11_6) AppleWebKit/537.36 (KHTML, like Gecko) Chrome/55.0.2883.95 Safari/537.36"
::1 - - [Sat, 04 Feb 2017 07:39:36 GMT] "POST /login/ HTTP/1.1" 200 302 "http://localhost:4200/login" "Mozilla/5.0 (Macintosh; Intel Mac OS X 10_11_6) AppleWebKit/537.36 (KHTML, like Gecko) Chrome/55.0.2883.95 Safari/537.36"
::1 - - [Sat, 04 Feb 2017 07:39:36 GMT] "GET /board/list/ HTTP/1.1" 304 - "http://localhost:4200/home" "Mozilla/5.0 (Macintosh; Intel Mac OS X 10_11_6) AppleWebKit/537.36 (KHTML, like Gecko) Chrome/55.0.2883.95 Safari/537.36"
::1 - - [Sat, 04 Feb 2017 07:39:43 GMT] "GET /board/list/ HTTP/1.1" 304 - "http://localhost:4200/home" "Mozilla/5.0 (Macintosh; Intel Mac OS X 10_11_6) AppleWebKit/537.36 (KHTML, like Gecko) Chrome/55.0.2883.95 Safari/537.36"
::1 - - [Sat, 04 Feb 2017 07:39:57 GMT] "GET /board/list/ HTTP/1.1" 304 - "http://localhost:4200/home" "Mozilla/5.0 (Macintosh; Intel Mac OS X 10_11_6) AppleWebKit/537.36 (KHTML, like Gecko) Chrome/55.0.2883.95 Safari/537.36"
::1 - - [Sat, 04 Feb 2017 07:43:50 GMT] "GET /board/list/ HTTP/1.1" 304 - "http://localhost:4200/home" "Mozilla/5.0 (Macintosh; Intel Mac OS X 10_11_6) AppleWebKit/537.36 (KHTML, like Gecko) Chrome/55.0.2883.95 Safari/537.36"
::1 - - [Sat, 04 Feb 2017 07:45:24 GMT] "GET /board/list/ HTTP/1.1" 304 - "http://localhost:4200/home" "Mozilla/5.0 (Macintosh; Intel Mac OS X 10_11_6) AppleWebKit/537.36 (KHTML, like Gecko) Chrome/55.0.2883.95 Safari/537.36"
::1 - - [Sat, 04 Feb 2017 07:45:33 GMT] "OPTIONS /login/ HTTP/1.1" 200 4 "http://localhost:4200/login" "Mozilla/5.0 (Macintosh; Intel Mac OS X 10_11_6) AppleWebKit/537.36 (KHTML, like Gecko) Chrome/55.0.2883.95 Safari/537.36"
::1 - - [Sat, 04 Feb 2017 07:45:33 GMT] "POST /login/ HTTP/1.1" 200 302 "http://localhost:4200/login" "Mozilla/5.0 (Macintosh; Intel Mac OS X 10_11_6) AppleWebKit/537.36 (KHTML, like Gecko) Chrome/55.0.2883.95 Safari/537.36"
::1 - - [Sat, 04 Feb 2017 07:45:34 GMT] "GET /board/list/ HTTP/1.1" 304 - "http://localhost:4200/home" "Mozilla/5.0 (Macintosh; Intel Mac OS X 10_11_6) AppleWebKit/537.36 (KHTML, like Gecko) Chrome/55.0.2883.95 Safari/537.36"
::1 - - [Sat, 04 Feb 2017 07:46:52 GMT] "GET /board/list/ HTTP/1.1" 304 - "http://localhost:4200/home" "Mozilla/5.0 (Macintosh; Intel Mac OS X 10_11_6) AppleWebKit/537.36 (KHTML, like Gecko) Chrome/55.0.2883.95 Safari/537.36"
::1 - - [Sat, 04 Feb 2017 07:47:00 GMT] "GET /board/list/ HTTP/1.1" 304 - "http://localhost:4200/home" "Mozilla/5.0 (Macintosh; Intel Mac OS X 10_11_6) AppleWebKit/537.36 (KHTML, like Gecko) Chrome/55.0.2883.95 Safari/537.36"
::1 - - [Sat, 04 Feb 2017 07:48:09 GMT] "GET /board/list/ HTTP/1.1" 304 - "http://localhost:4200/home" "Mozilla/5.0 (Macintosh; Intel Mac OS X 10_11_6) AppleWebKit/537.36 (KHTML, like Gecko) Chrome/55.0.2883.95 Safari/537.36"
::1 - - [Sat, 04 Feb 2017 07:50:30 GMT] "GET /board/list/ HTTP/1.1" 304 - "http://localhost:4200/home" "Mozilla/5.0 (Macintosh; Intel Mac OS X 10_11_6) AppleWebKit/537.36 (KHTML, like Gecko) Chrome/55.0.2883.95 Safari/537.36"
::1 - - [Sat, 04 Feb 2017 07:51:00 GMT] "GET /board/list/ HTTP/1.1" 304 - "http://localhost:4200/home" "Mozilla/5.0 (Macintosh; Intel Mac OS X 10_11_6) AppleWebKit/537.36 (KHTML, like Gecko) Chrome/55.0.2883.95 Safari/537.36"
::1 - - [Sat, 04 Feb 2017 07:51:41 GMT] "GET /board/list/ HTTP/1.1" 304 - "http://localhost:4200/home" "Mozilla/5.0 (Macintosh; Intel Mac OS X 10_11_6) AppleWebKit/537.36 (KHTML, like Gecko) Chrome/55.0.2883.95 Safari/537.36"
::1 - - [Sat, 04 Feb 2017 07:51:57 GMT] "GET /board/list/ HTTP/1.1" 304 - "http://localhost:4200/home" "Mozilla/5.0 (Macintosh; Intel Mac OS X 10_11_6) AppleWebKit/537.36 (KHTML, like Gecko) Chrome/55.0.2883.95 Safari/537.36"
::1 - - [Sat, 04 Feb 2017 07:52:20 GMT] "GET /board/list/ HTTP/1.1" 304 - "http://localhost:4200/home" "Mozilla/5.0 (Macintosh; Intel Mac OS X 10_11_6) AppleWebKit/537.36 (KHTML, like Gecko) Chrome/55.0.2883.95 Safari/537.36"
::1 - - [Sat, 04 Feb 2017 07:52:29 GMT] "OPTIONS /login/ HTTP/1.1" 200 4 "http://localhost:4200/login" "Mozilla/5.0 (Macintosh; Intel Mac OS X 10_11_6) AppleWebKit/537.36 (KHTML, like Gecko) Chrome/55.0.2883.95 Safari/537.36"
::1 - - [Sat, 04 Feb 2017 07:52:29 GMT] "POST /login/ HTTP/1.1" 200 302 "http://localhost:4200/login" "Mozilla/5.0 (Macintosh; Intel Mac OS X 10_11_6) AppleWebKit/537.36 (KHTML, like Gecko) Chrome/55.0.2883.95 Safari/537.36"
::1 - - [Sat, 04 Feb 2017 07:52:31 GMT] "GET /board/list/ HTTP/1.1" 304 - "http://localhost:4200/home" "Mozilla/5.0 (Macintosh; Intel Mac OS X 10_11_6) AppleWebKit/537.36 (KHTML, like Gecko) Chrome/55.0.2883.95 Safari/537.36"
::1 - - [Sat, 04 Feb 2017 07:54:03 GMT] "GET /board/list/ HTTP/1.1" 304 - "http://localhost:4200/home" "Mozilla/5.0 (Macintosh; Intel Mac OS X 10_11_6) AppleWebKit/537.36 (KHTML, like Gecko) Chrome/55.0.2883.95 Safari/537.36"
::1 - - [Sat, 04 Feb 2017 07:54:25 GMT] "GET /board/list/ HTTP/1.1" 304 - "http://localhost:4200/home" "Mozilla/5.0 (Macintosh; Intel Mac OS X 10_11_6) AppleWebKit/537.36 (KHTML, like Gecko) Chrome/55.0.2883.95 Safari/537.36"
::1 - - [Sat, 04 Feb 2017 07:54:54 GMT] "GET /board/list/ HTTP/1.1" 304 - "http://localhost:4200/home" "Mozilla/5.0 (Macintosh; Intel Mac OS X 10_11_6) AppleWebKit/537.36 (KHTML, like Gecko) Chrome/55.0.2883.95 Safari/537.36"
::1 - - [Sat, 04 Feb 2017 07:54:58 GMT] "GET /board/list/ HTTP/1.1" 304 - "http://localhost:4200/home" "Mozilla/5.0 (Macintosh; Intel Mac OS X 10_11_6) AppleWebKit/537.36 (KHTML, like Gecko) Chrome/55.0.2883.95 Safari/537.36"
::1 - - [Sat, 04 Feb 2017 07:58:13 GMT] "GET /board/list/ HTTP/1.1" 304 - "http://localhost:4200/home" "Mozilla/5.0 (Macintosh; Intel Mac OS X 10_11_6) AppleWebKit/537.36 (KHTML, like Gecko) Chrome/55.0.2883.95 Safari/537.36"
::1 - - [Sat, 04 Feb 2017 07:58:20 GMT] "GET /board/list/ HTTP/1.1" 304 - "http://localhost:4200/home" "Mozilla/5.0 (Macintosh; Intel Mac OS X 10_11_6) AppleWebKit/537.36 (KHTML, like Gecko) Chrome/55.0.2883.95 Safari/537.36"
::1 - - [Sat, 04 Feb 2017 07:58:30 GMT] "OPTIONS /login/ HTTP/1.1" 200 4 "http://localhost:4200/login" "Mozilla/5.0 (Macintosh; Intel Mac OS X 10_11_6) AppleWebKit/537.36 (KHTML, like Gecko) Chrome/55.0.2883.95 Safari/537.36"
::1 - - [Sat, 04 Feb 2017 07:58:30 GMT] "POST /login/ HTTP/1.1" 200 302 "http://localhost:4200/login" "Mozilla/5.0 (Macintosh; Intel Mac OS X 10_11_6) AppleWebKit/537.36 (KHTML, like Gecko) Chrome/55.0.2883.95 Safari/537.36"
::1 - - [Sat, 04 Feb 2017 07:58:32 GMT] "GET /board/list/ HTTP/1.1" 304 - "http://localhost:4200/home" "Mozilla/5.0 (Macintosh; Intel Mac OS X 10_11_6) AppleWebKit/537.36 (KHTML, like Gecko) Chrome/55.0.2883.95 Safari/537.36"
::1 - - [Sat, 04 Feb 2017 07:58:49 GMT] "GET /board/list/ HTTP/1.1" 304 - "http://localhost:4200/home" "Mozilla/5.0 (Macintosh; Intel Mac OS X 10_11_6) AppleWebKit/537.36 (KHTML, like Gecko) Chrome/55.0.2883.95 Safari/537.36"
::1 - - [Sat, 04 Feb 2017 07:59:35 GMT] "OPTIONS /signup/ HTTP/1.1" 200 4 "http://localhost:4200/signup" "Mozilla/5.0 (Macintosh; Intel Mac OS X 10_11_6) AppleWebKit/537.36 (KHTML, like Gecko) Chrome/55.0.2883.95 Safari/537.36"
::1 - - [Sat, 04 Feb 2017 07:59:35 GMT] "POST /signup/ HTTP/1.1" 200 246 "http://localhost:4200/signup" "Mozilla/5.0 (Macintosh; Intel Mac OS X 10_11_6) AppleWebKit/537.36 (KHTML, like Gecko) Chrome/55.0.2883.95 Safari/537.36"
::1 - - [Sat, 04 Feb 2017 08:03:14 GMT] "OPTIONS /signup/ HTTP/1.1" 200 4 "http://localhost:4200/signup" "Mozilla/5.0 (Macintosh; Intel Mac OS X 10_11_6) AppleWebKit/537.36 (KHTML, like Gecko) Chrome/55.0.2883.95 Safari/537.36"
::1 - - [Sat, 04 Feb 2017 08:03:14 GMT] "POST /signup/ HTTP/1.1" 200 301 "http://localhost:4200/signup" "Mozilla/5.0 (Macintosh; Intel Mac OS X 10_11_6) AppleWebKit/537.36 (KHTML, like Gecko) Chrome/55.0.2883.95 Safari/537.36"
::1 - - [Sat, 04 Feb 2017 08:03:16 GMT] "GET /board/list/ HTTP/1.1" 304 - "http://localhost:4200/home" "Mozilla/5.0 (Macintosh; Intel Mac OS X 10_11_6) AppleWebKit/537.36 (KHTML, like Gecko) Chrome/55.0.2883.95 Safari/537.36"
::1 - - [Sat, 04 Feb 2017 08:04:57 GMT] "GET /board/list/ HTTP/1.1" 304 - "http://localhost:4200/home" "Mozilla/5.0 (Macintosh; Intel Mac OS X 10_11_6) AppleWebKit/537.36 (KHTML, like Gecko) Chrome/55.0.2883.95 Safari/537.36"
::1 - - [Sat, 04 Feb 2017 08:05:18 GMT] "OPTIONS /signup/ HTTP/1.1" 200 4 "http://localhost:4200/signup" "Mozilla/5.0 (Macintosh; Intel Mac OS X 10_11_6) AppleWebKit/537.36 (KHTML, like Gecko) Chrome/55.0.2883.95 Safari/537.36"
::1 - - [Sat, 04 Feb 2017 08:05:18 GMT] "POST /signup/ HTTP/1.1" 200 301 "http://localhost:4200/signup" "Mozilla/5.0 (Macintosh; Intel Mac OS X 10_11_6) AppleWebKit/537.36 (KHTML, like Gecko) Chrome/55.0.2883.95 Safari/537.36"
::1 - - [Sat, 04 Feb 2017 08:05:20 GMT] "GET /board/list/ HTTP/1.1" 304 - "http://localhost:4200/home" "Mozilla/5.0 (Macintosh; Intel Mac OS X 10_11_6) AppleWebKit/537.36 (KHTML, like Gecko) Chrome/55.0.2883.95 Safari/537.36"
::1 - - [Sat, 04 Feb 2017 10:18:58 GMT] "GET /board/list/cdb2fe4f-02c8-4ff5-a2ec-c856706c8c30 HTTP/1.1" 200 2 "http://localhost:4200/home" "Mozilla/5.0 (Macintosh; Intel Mac OS X 10_11_6) AppleWebKit/537.36 (KHTML, like Gecko) Chrome/55.0.2883.95 Safari/537.36"
::1 - - [Sat, 04 Feb 2017 10:19:07 GMT] "GET /board/list/cdb2fe4f-02c8-4ff5-a2ec-c856706c8c30 HTTP/1.1" 304 - "http://localhost:4200/home" "Mozilla/5.0 (Macintosh; Intel Mac OS X 10_11_6) AppleWebKit/537.36 (KHTML, like Gecko) Chrome/55.0.2883.95 Safari/537.36"
::1 - - [Sat, 04 Feb 2017 10:19:15 GMT] "GET /board/list/cdb2fe4f-02c8-4ff5-a2ec-c856706c8c30 HTTP/1.1" 304 - "-" "Mozilla/5.0 (Macintosh; Intel Mac OS X 10_11_6) AppleWebKit/537.36 (KHTML, like Gecko) Chrome/55.0.2883.95 Safari/537.36"
::1 - - [Sat, 04 Feb 2017 10:19:15 GMT] "GET /favicon.ico HTTP/1.1" 404 24 "http://localhost:5000/board/list/cdb2fe4f-02c8-4ff5-a2ec-c856706c8c30" "Mozilla/5.0 (Macintosh; Intel Mac OS X 10_11_6) AppleWebKit/537.36 (KHTML, like Gecko) Chrome/55.0.2883.95 Safari/537.36"
::1 - - [Sat, 04 Feb 2017 10:19:20 GMT] "OPTIONS /board/New%20Board HTTP/1.1" 200 19 "http://localhost:4200/board" "Mozilla/5.0 (Macintosh; Intel Mac OS X 10_11_6) AppleWebKit/537.36 (KHTML, like Gecko) Chrome/55.0.2883.95 Safari/537.36"
::1 - - [Sat, 04 Feb 2017 10:19:21 GMT] "POST /board/New%20Board HTTP/1.1" 200 1038 "http://localhost:4200/board" "Mozilla/5.0 (Macintosh; Intel Mac OS X 10_11_6) AppleWebKit/537.36 (KHTML, like Gecko) Chrome/55.0.2883.95 Safari/537.36"
::1 - - [Sat, 04 Feb 2017 10:19:24 GMT] "GET /board/list/cdb2fe4f-02c8-4ff5-a2ec-c856706c8c30 HTTP/1.1" 200 1040 "-" "Mozilla/5.0 (Macintosh; Intel Mac OS X 10_11_6) AppleWebKit/537.36 (KHTML, like Gecko) Chrome/55.0.2883.95 Safari/537.36"
::1 - - [Sat, 04 Feb 2017 10:19:47 GMT] "OPTIONS /board/d5e9ebb7-33fd-412a-8db3-3084e34f77a7 HTTP/1.1" 200 19 "http://localhost:4200/board" "Mozilla/5.0 (Macintosh; Intel Mac OS X 10_11_6) AppleWebKit/537.36 (KHTML, like Gecko) Chrome/55.0.2883.95 Safari/537.36"
::1 - - [Sat, 04 Feb 2017 10:19:47 GMT] "PATCH /board/d5e9ebb7-33fd-412a-8db3-3084e34f77a7 HTTP/1.1" 200 22 "http://localhost:4200/board" "Mozilla/5.0 (Macintosh; Intel Mac OS X 10_11_6) AppleWebKit/537.36 (KHTML, like Gecko) Chrome/55.0.2883.95 Safari/537.36"
::1 - - [Sat, 04 Feb 2017 10:19:51 GMT] "GET /board/list/cdb2fe4f-02c8-4ff5-a2ec-c856706c8c30 HTTP/1.1" 200 1045 "http://localhost:4200/home" "Mozilla/5.0 (Macintosh; Intel Mac OS X 10_11_6) AppleWebKit/537.36 (KHTML, like Gecko) Chrome/55.0.2883.95 Safari/537.36"
::1 - - [Sat, 04 Feb 2017 10:22:43 GMT] "OPTIONS /login/ HTTP/1.1" 200 4 "http://localhost:4200/login" "Mozilla/5.0 (Macintosh; Intel Mac OS X 10_11_6) AppleWebKit/537.36 (KHTML, like Gecko) Chrome/55.0.2883.95 Safari/537.36"
::1 - - [Sat, 04 Feb 2017 10:22:43 GMT] "POST /login/ HTTP/1.1" 200 302 "http://localhost:4200/login" "Mozilla/5.0 (Macintosh; Intel Mac OS X 10_11_6) AppleWebKit/537.36 (KHTML, like Gecko) Chrome/55.0.2883.95 Safari/537.36"
::1 - - [Sat, 04 Feb 2017 10:22:45 GMT] "GET /board/list/a1f28612-3e48-40c6-93d4-8b340a1c7151 HTTP/1.1" 200 2 "http://localhost:4200/home" "Mozilla/5.0 (Macintosh; Intel Mac OS X 10_11_6) AppleWebKit/537.36 (KHTML, like Gecko) Chrome/55.0.2883.95 Safari/537.36"
::1 - - [Sat, 04 Feb 2017 10:22:48 GMT] "OPTIONS /board/New%20Board HTTP/1.1" 200 19 "http://localhost:4200/board" "Mozilla/5.0 (Macintosh; Intel Mac OS X 10_11_6) AppleWebKit/537.36 (KHTML, like Gecko) Chrome/55.0.2883.95 Safari/537.36"
::1 - - [Sat, 04 Feb 2017 10:22:48 GMT] "POST /board/New%20Board HTTP/1.1" 200 1038 "http://localhost:4200/board" "Mozilla/5.0 (Macintosh; Intel Mac OS X 10_11_6) AppleWebKit/537.36 (KHTML, like Gecko) Chrome/55.0.2883.95 Safari/537.36"
::1 - - [Sat, 04 Feb 2017 10:22:56 GMT] "OPTIONS /board/453f681f-e7fd-4b7c-a7c9-bb6fd56b64ac HTTP/1.1" 200 19 "http://localhost:4200/board" "Mozilla/5.0 (Macintosh; Intel Mac OS X 10_11_6) AppleWebKit/537.36 (KHTML, like Gecko) Chrome/55.0.2883.95 Safari/537.36"
::1 - - [Sat, 04 Feb 2017 10:22:56 GMT] "PATCH /board/453f681f-e7fd-4b7c-a7c9-bb6fd56b64ac HTTP/1.1" 200 22 "http://localhost:4200/board" "Mozilla/5.0 (Macintosh; Intel Mac OS X 10_11_6) AppleWebKit/537.36 (KHTML, like Gecko) Chrome/55.0.2883.95 Safari/537.36"
::1 - - [Sat, 04 Feb 2017 10:22:58 GMT] "GET /board/list/a1f28612-3e48-40c6-93d4-8b340a1c7151 HTTP/1.1" 200 1047 "http://localhost:4200/home" "Mozilla/5.0 (Macintosh; Intel Mac OS X 10_11_6) AppleWebKit/537.36 (KHTML, like Gecko) Chrome/55.0.2883.95 Safari/537.36"
::1 - - [Sat, 04 Feb 2017 10:23:01 GMT] "GET /board/453f681f-e7fd-4b7c-a7c9-bb6fd56b64ac HTTP/1.1" 200 1045 "http://localhost:4200/board/453f681f-e7fd-4b7c-a7c9-bb6fd56b64ac" "Mozilla/5.0 (Macintosh; Intel Mac OS X 10_11_6) AppleWebKit/537.36 (KHTML, like Gecko) Chrome/55.0.2883.95 Safari/537.36"
